[GIN-debug] [WARNING] Running in "debug" mode. Switch to "release" mode in production.
 - using env:	export GIN_MODE=release
 - using code:	gin.SetMode(gin.ReleaseMode)

[GIN-debug] GET    /css/*filepath            --> github.com/gin-gonic/gin.(*RouterGroup).createStaticHandler.func1 (1 handlers)
[GIN-debug] HEAD   /css/*filepath            --> github.com/gin-gonic/gin.(*RouterGroup).createStaticHandler.func1 (1 handlers)
[GIN-debug] Loaded HTML Templates (4): 
	- 
	- footer.html
	- header.html
	- index.html

[GIN-debug] GET    /api/test                 --> main.main.func1 (5 handlers)
[GIN-debug] GET    /api/videos               --> main.main.func2 (5 handlers)
[GIN-debug] POST   /api/videos               --> main.main.func3 (5 handlers)
[GIN-debug] GET    /view/videos              --> gin_chim/controllers.VideoController.ShowAll-fm (5 handlers)
[GIN-debug] [WARNING] You trusted all proxies, this is NOT safe. We recommend you to set a value.
Please check https://pkg.go.dev/github.com/gin-gonic/gin#readme-don-t-trust-all-proxies for details.
[GIN-debug] Listening and serving HTTP on :8080
192.168.0.3 - [03 Aug 22 23:06 KST] POST /api/videos 200 9.4022ms 
192.168.0.3 - [03 Aug 22 23:06 KST] GET /api/videos 200 5.9149ms 
::1 - [03 Aug 22 23:06 KST] GET /view/videos 200 14.504ms 
192.168.0.3 - [03 Aug 22 23:06 KST] POST /api/videos 200 7.0985ms 
192.168.0.3 - [03 Aug 22 23:06 KST] GET /api/videos 200 8.4573ms 
::1 - [03 Aug 22 23:06 KST] GET /view/videos 200 11.4515ms 
192.168.0.3 - [03 Aug 22 23:08 KST] POST /api/videos 200 7.162ms 
::1 - [03 Aug 22 23:08 KST] GET /view/videos 200 11.0223ms 
::1 - [03 Aug 22 23:08 KST] GET /favicon.ico 404 8.3953ms 
